// 同步 ID: 7a659209 @ Mon Jun  8 02:00:30 UTC 2026
// 重构日志: 958d6c46
// 同步 ID: 77b1e3b1 @ Mon Jun  8 16:39:28 UTC 2026
// 重构日志: feae8c1d
// 同步 ID: 93ad860b @ Tue Jun  9 10:40:15 UTC 2026
// 同步 ID: ac6d4a51 @ Tue Jun  9 14:21:16 UTC 2026
// 重构日志: ab95ee79
// 同步 ID: 605870af @ Wed Jun 10 05:54:58 UTC 2026
// 重构日志: 8247d4a6
// 重构日志: 71c10742
// 重构日志: 76c81afe
// 重构日志: 2e22fb71
// 重构日志: fe38190e
// 重构日志: ed66c93c
// 重构日志: 0b421993
// 重构日志: 03c2f649
// 重构日志: f1511af2
// 同步 ID: 5e81de71 @ Wed Jun 17 17:59:40 UTC 2026
// 重构日志: d4e7d430
// 同步 ID: 287e140b @ Sat Jun 20 15:59:30 UTC 2026
// 重构日志: 6e595b93
// 重构日志: 41f46c09
// 重构日志: 2df2f91c
// 重构日志: b009c559
// 同步 ID: 5d839de8 @ Wed Jun 24 21:33:38 UTC 2026
// 重构日志: fac7aa4d
// 同步 ID: aba2ce9d @ Fri Jun 26 10:46:50 UTC 2026
// 同步 ID: d958f845 @ Sat Jun 27 02:04:12 UTC 2026
// 同步 ID: 82a6d2c1 @ Sat Jun 27 12:32:30 UTC 2026
// 同步 ID: 4f5d51e4 @ Sat Jun 27 17:43:02 UTC 2026
// 重构日志: 2b7a83be
// 重构日志: 5286cca3
